<?xml version="1.0" encoding="UTF-8"?>
<!-- Generated by org.testng.reporters.JUnitReportReporter -->
<testsuite hostname="QTINA901X2GM" failures="0" tests="4" name="api.test.UserTests" time="7.360" errors="0" timestamp="2023-04-10T11:18:08 IST" skipped="0">
  <testcase classname="api.test.UserTests" name="testPostuser" time="2.624"/>
  <system-out/>
  <testcase classname="api.test.UserTests" name="testGetUserByName" time="1.251"/>
  <system-out/>
  <testcase classname="api.test.UserTests" name="testUpdateUserByName" time="2.336"/>
  <system-out/>
  <testcase classname="api.test.UserTests" name="testDeleteUserByName" time="1.149"/>
  <system-out/>
</testsuite> <!-- api.test.UserTests -->
