<?xml version="1.0" encoding="UTF-8"?>
<!-- Generated by org.testng.reporters.JUnitReportReporter -->
<testsuite hostname="QTINA901X2GM" failures="0" tests="1" name="RestassuretAutomation.RestassuretAutomation.TC001_GET_Request" time="1.636" errors="0" timestamp="2023-04-14T10:18:17 IST" skipped="0">
  <testcase classname="RestassuretAutomation.RestassuretAutomation.TC001_GET_Request" name="getweatherDetails" time="1.636"/>
  <system-out/>
</testsuite> <!-- RestassuretAutomation.RestassuretAutomation.TC001_GET_Request -->
