<?xml version="1.0" encoding="UTF-8"?>
<!-- Generated by org.testng.reporters.JUnitReportReporter -->
<testsuite hostname="QTINA901X2GM" failures="0" tests="3" name="api.test.DataD_tests" time="0.008" errors="0" timestamp="2023-04-14T15:08:54 IST" skipped="0">
  <testcase classname="api.test.DataD_tests" name="testPostuser" time="0.007"/>
  <system-out/>
  <testcase classname="api.test.DataD_tests" name="testPostuser" time="0.000"/>
  <system-out/>
  <testcase classname="api.test.DataD_tests" name="testPostuser" time="0.001"/>
  <system-out/>
</testsuite> <!-- api.test.DataD_tests -->
