<?xml version="1.0" encoding="UTF-8"?>
<!-- Generated by org.testng.reporters.JUnitReportReporter -->
<testsuite hostname="QTINA901X2GM" failures="0" tests="1" name="RestassuretAutomation.RestassuretAutomation.TC_00_Request" time="1.860" errors="0" timestamp="2023-04-14T10:18:36 IST" skipped="0">
  <testcase classname="RestassuretAutomation.RestassuretAutomation.TC_00_Request" name="Request_Method" time="1.860"/>
  <system-out/>
</testsuite> <!-- RestassuretAutomation.RestassuretAutomation.TC_00_Request -->
