<?xml version="1.0" encoding="UTF-8"?>
<!-- Generated by org.testng.reporters.JUnitReportReporter -->
<testsuite hostname="QTINA901X2GM" failures="0" tests="1" name="RestassuretAutomation.RestassuretAutomation.TC_002_Post_Request" time="63.124" errors="0" timestamp="2023-04-14T10:17:34 IST" skipped="0">
  <testcase classname="RestassuretAutomation.RestassuretAutomation.TC_002_Post_Request" name="Post_Request_Medhod" time="63.124"/>
  <system-out/>
</testsuite> <!-- RestassuretAutomation.RestassuretAutomation.TC_002_Post_Request -->
