<?xml version="1.0" encoding="UTF-8"?>
<!-- Generated by org.testng.reporters.JUnitReportReporter -->
<testsuite hostname="QTINA901X2GM" failures="0" tests="1" name="RestassuretAutomation.RestassuretAutomation.TC_002_Post_Request" time="61.673" errors="0" timestamp="2023-04-04T17:11:42 IST" skipped="0">
  <testcase classname="RestassuretAutomation.RestassuretAutomation.TC_002_Post_Request" name="Post_Request_Medhod" time="61.673"/>
  <system-out/>
</testsuite> <!-- RestassuretAutomation.RestassuretAutomation.TC_002_Post_Request -->
